***************************************************************************
*                      M-SPARC v1.0.0 (Oct 16, 2022)                      *
*   Copyright (c) 2019 Material Physics & Mechanics Group, Georgia Tech   *
*           Distributed under GNU General Public License 3 (GPL)          *
*                Date: 29-Oct-2022  Start time: 14:42:41                  *
***************************************************************************
                           Input parameters                                
***************************************************************************
LATVEC_SCALE: 0.950000 0.950000 0.950000 
LATVEC:
0.000000000000000 10.137047333976900 0.000000000000000 
9.612603356756811 0.000000000000000 0.000000000000000 
0.000000000000000 -5.745580610420000 -9.877610936232390 
FD_GRID: 48 46 54
FD_ORDER: 12
BC: P P P
KPOINT_GRID: 2 2 2
KPOINT_SHIFT: 5.000000e-01 5.000000e-01 5.000000e-01
SPIN_TYP: 1
ELEC_TEMP_TYPE: fermi-dirac
SMEARING: 0.001000000
CHEB_DEGREE: 35
NSTATES: 65
EXCHANGE_CORRELATION: vdWDF1
CALC_STRESS: 1
MAXIT_SCF: 100
TOL_SCF: 1.00E-05
TOL_POISSON: 1.00E-07
TOL_LANCZOS: 1.00E-02
TOL_PSEUDOCHARGE: 1.00E-07
MIXING_VARIABLE: potential
MIXING_PRECOND: kerker
MIXING_PRECOND_MAG: none
TOL_PRECOND: 4.00E-05
PRECOND_KERKER_KTF: 1.00
PRECOND_KERKER_THRESH: 0.10
MIXING_PARAMETER: 0.70
MIXING_PARAMETER_MAG: 0.70
MIXING_HISTORY: 7
PULAY_FREQUENCY: 1
PULAY_RESTART: 0
REFERENCE_CUTOFF: 0.50
RHO_TRIGGER: 4
FIX_RAND: 0
PRINT_FORCES: 1
PRINT_ATOMS: 1
PRINT_EIGEN: 0
PRINT_DENSITY: 0
OUTPUT_FILE: NiC2O4.out
VDWDF_GEN_KERNEL: 0
***************************************************************************
                                Cell                                       
***************************************************************************
Lattice vectors:
0.000000000000000 9.630194967278054 0.000000000000000 
9.131973188918970 0.000000000000000 0.000000000000000 
0.000000000000000 -5.458301579899000 -9.383730389420771 
Volume                  :  8.2523041991E+02 (Bohr^3)
***************************************************************************
                             Initialization                                
***************************************************************************
Mesh spacing in x-direction        :  0.200629 (Bohr)
Mesh spacing in y-direction        :  0.198521 (Bohr)
Mesh spacing in z direction        :  0.201033 (Bohr)
Number of symmetry adapted k-points:  4
Output printed to                  :  NiC2O4.out
Total number of atom types         :  3
Total number of atoms              :  14
Total number of electrons          :  100
Atom type 1  (valence electrons)   :  Ni 18
Pseudopotential                    :  ../28_Ni_18_1.7_2.2_pbe_n_v1.0.psp8
lloc                               :  4
Pseudocharge radii of atom type 1  :  7.22 7.24 7.24
Number of atoms of type 1          :  2
Atom type 2  (valence electrons)   :  C 4
Pseudopotential                    :  ../06_C_4_1.2_1.2_pbe_n_v1.0.psp8
lloc                               :  4
Pseudocharge radii of atom type 2  :  7.42 7.44 7.44
Number of atoms of type 2          :  4
Atom type 3  (valence electrons)   :  O 6
Pseudopotential                    :  ../08_O_6_1.2_1.4_pbe_n_v1.0.psp8
lloc                               :  4
Pseudocharge radii of atom type 3  :  7.42 7.44 7.44
Number of atoms of type 3          :  8
Estimated total memory usage       :  4.02 GB
========================================================================================
                            Self Consistent Field (SCF#1)                     
========================================================================================
Iteration     Free Energy (Ha/atom)    Magnetization     SCF Error        Timing (sec)
1            -3.3569297009E+01         3.8394E+00        7.858E-02        3768.520
2            -3.3589570209E+01         3.9331E+00        4.231E-02        1244.321
3            -3.3596120076E+01         4.0000E+00        1.599E-02        1226.181
4            -3.3596822129E+01         4.0000E+00        5.425E-03        1240.927
5            -3.3596899400E+01         4.0000E+00        1.337E-03        1220.882
6            -3.3596902398E+01         4.0000E+00        5.678E-04        1212.563
7            -3.3596903126E+01         4.0000E+00        1.857E-04        1213.309
8            -3.3596903229E+01         4.0000E+00        5.181E-05        1208.381
9            -3.3596903121E+01         4.0000E+00        2.592E-05        1208.187
10           -3.3596903109E+01         4.0000E+00        1.113E-05        1216.833
11           -3.3596903116E+01         4.0000E+00        2.020E-06        1217.158
Total number of SCF: 11    
====================================================================
                                Energy                              
====================================================================
Free energy per atom               : -3.3596903116E+01 (Ha/atom)
Total free energy                  : -4.7035664362E+02 (Ha)
Band structure energy              : -5.1022642359E+01 (Ha)
Exchange correlation energy        : -8.1824387761E+01 (Ha)
Self and correction energy         : -6.7976905007E+02 (Ha)
Entropy*kb*T                       : -4.8742563801E-09 (Ha)
Fermi level                        :  1.9404930280E-01 (Ha)
vdWDF energy                       :  8.2486950922E-01 (Ha)
Net Magnetization                  :  3.9999996955E+00 
Average force                      :  6.1805893909E-02 (Ha/Bohr)
Maximum force                      :  9.1549609075E-02 (Ha/Bohr)
Time for force calculation         :  36.092 (sec)
Stress (GPa):
    -29.4086808818      -0.0000547889       0.0000682995
     -0.0000547889     -72.1563057082       5.1154946579
      0.0000682995       5.1154946579     -24.1459741458
Pressure                           :  4.1903653579E+01 (GPa)
Maximum stress                     :  7.2156305708E+01 (GPa)
Time for stress calculation        :  107.746 (sec)
***************************************************************************
                               Timing info                                 
***************************************************************************
Total walltime                     :  17374.665 sec
___________________________________________________________________________

***************************************************************************
*             Material Physics & Mechanics Group, Georgia Tech            *
*                       PI: Phanish Suryanarayana                         *
*                Main Developers: Qimen Xu, Abhiraj Sharma                *
*     Acknowledgements: U.S. DOE (DE-SC0019410); NSF (1333500,1553212)    *
***************************************************************************
                                                                           
