***************************************************************************
*                      M-SPARC v1.0.0 (Oct 16, 2022)                      *
*   Copyright (c) 2019 Material Physics & Mechanics Group, Georgia Tech   *
*           Distributed under GNU General Public License 3 (GPL)          *
*                Date: 29-Oct-2022  Start time: 14:42:54                  *
***************************************************************************
                           Input parameters                                
***************************************************************************
LATVEC_SCALE: 1.050000 1.050000 1.050000 
LATVEC:
0.000000000000000 10.137047333976900 0.000000000000000 
9.612603356756811 0.000000000000000 0.000000000000000 
0.000000000000000 -5.745580610420000 -9.877610936232390 
FD_GRID: 53 50 60
FD_ORDER: 12
BC: P P P
KPOINT_GRID: 2 2 2
KPOINT_SHIFT: 5.000000e-01 5.000000e-01 5.000000e-01
SPIN_TYP: 1
ELEC_TEMP_TYPE: fermi-dirac
SMEARING: 0.001000000
CHEB_DEGREE: 35
NSTATES: 65
EXCHANGE_CORRELATION: vdWDF1
CALC_STRESS: 1
MAXIT_SCF: 100
TOL_SCF: 1.00E-05
TOL_POISSON: 1.00E-07
TOL_LANCZOS: 1.00E-02
TOL_PSEUDOCHARGE: 1.00E-07
MIXING_VARIABLE: potential
MIXING_PRECOND: kerker
MIXING_PRECOND_MAG: none
TOL_PRECOND: 4.04E-05
PRECOND_KERKER_KTF: 1.00
PRECOND_KERKER_THRESH: 0.10
MIXING_PARAMETER: 0.70
MIXING_PARAMETER_MAG: 0.70
MIXING_HISTORY: 7
PULAY_FREQUENCY: 1
PULAY_RESTART: 0
REFERENCE_CUTOFF: 0.50
RHO_TRIGGER: 4
FIX_RAND: 0
PRINT_FORCES: 1
PRINT_ATOMS: 1
PRINT_EIGEN: 0
PRINT_DENSITY: 0
OUTPUT_FILE: NiC2O4.out
VDWDF_GEN_KERNEL: 0
***************************************************************************
                                Cell                                       
***************************************************************************
Lattice vectors:
0.000000000000000 10.643899700675746 0.000000000000000 
10.093233524594652 0.000000000000000 0.000000000000000 
0.000000000000000 -6.032859640941000 -10.371491483044011 
Volume                  :  1.1142234901E+03 (Bohr^3)
***************************************************************************
                             Initialization                                
***************************************************************************
Mesh spacing in x-direction        :  0.200828 (Bohr)
Mesh spacing in y-direction        :  0.201865 (Bohr)
Mesh spacing in z direction        :  0.199974 (Bohr)
Number of symmetry adapted k-points:  4
Output printed to                  :  NiC2O4.out
Total number of atom types         :  3
Total number of atoms              :  14
Total number of electrons          :  100
Atom type 1  (valence electrons)   :  Ni 18
Pseudopotential                    :  ../28_Ni_18_1.7_2.2_pbe_n_v1.0.psp8
lloc                               :  4
Pseudocharge radii of atom type 1  :  7.23 7.23 7.20
Number of atoms of type 1          :  2
Atom type 2  (valence electrons)   :  C 4
Pseudopotential                    :  ../06_C_4_1.2_1.2_pbe_n_v1.0.psp8
lloc                               :  4
Pseudocharge radii of atom type 2  :  7.43 7.43 7.40
Number of atoms of type 2          :  4
Atom type 3  (valence electrons)   :  O 6
Pseudopotential                    :  ../08_O_6_1.2_1.4_pbe_n_v1.0.psp8
lloc                               :  4
Pseudocharge radii of atom type 3  :  7.43 7.43 7.40
Number of atoms of type 3          :  8
Estimated total memory usage       :  5.36 GB
========================================================================================
                            Self Consistent Field (SCF#1)                     
========================================================================================
Iteration     Free Energy (Ha/atom)    Magnetization     SCF Error        Timing (sec)
1            -3.3561663898E+01         3.8295E+00        8.467E-02        5003.252
2            -3.3578608765E+01         3.7979E+00        6.919E-02        1655.838
3            -3.3597894687E+01         4.0000E+00        3.100E-02        1654.284
4            -3.3600077224E+01         4.0000E+00        9.541E-03        1650.583
5            -3.3600235079E+01         4.0000E+00        3.689E-03        1623.972
6            -3.3600260395E+01         4.0000E+00        1.795E-03        1657.541
7            -3.3600266335E+01         4.0000E+00        4.064E-04        1651.325
8            -3.3600266647E+01         4.0000E+00        1.809E-04        1625.721
9            -3.3600266750E+01         4.0000E+00        9.360E-05        1618.620
10           -3.3600266767E+01         4.0000E+00        1.788E-05        1604.061
11           -3.3600266728E+01         4.0000E+00        8.926E-06        1617.433
Total number of SCF: 11    
====================================================================
                                Energy                              
====================================================================
Free energy per atom               : -3.3600266728E+01 (Ha/atom)
Total free energy                  : -4.7040373419E+02 (Ha)
Band structure energy              : -5.9165182095E+01 (Ha)
Exchange correlation energy        : -8.0535813320E+01 (Ha)
Self and correction energy         : -6.7976719727E+02 (Ha)
Entropy*kb*T                       : -3.1926293686E-09 (Ha)
Fermi level                        :  6.8099617199E-02 (Ha)
vdWDF energy                       :  8.8411742934E-01 (Ha)
Net Magnetization                  :  3.9999998024E+00 
Average force                      :  4.1089621516E-02 (Ha/Bohr)
Maximum force                      :  6.1391771327E-02 (Ha/Bohr)
Time for force calculation         :  45.825 (sec)
Stress (GPa):
     11.4222308372      -0.0002862331      -0.0002847804
     -0.0002862331      33.2730285862      -3.0529865374
     -0.0002847804      -3.0529865374       7.1720604954
Pressure                           : -1.7289106640E+01 (GPa)
Maximum stress                     :  3.3273028586E+01 (GPa)
Time for stress calculation        :  132.714 (sec)
***************************************************************************
                               Timing info                                 
***************************************************************************
Total walltime                     :  23207.401 sec
___________________________________________________________________________

***************************************************************************
*             Material Physics & Mechanics Group, Georgia Tech            *
*                       PI: Phanish Suryanarayana                         *
*                Main Developers: Qimen Xu, Abhiraj Sharma                *
*     Acknowledgements: U.S. DOE (DE-SC0019410); NSF (1333500,1553212)    *
***************************************************************************
                                                                           
