***************************************************************************
*                      M-SPARC v1.0.0 (Oct 16, 2022)                      *
*   Copyright (c) 2019 Material Physics & Mechanics Group, Georgia Tech   *
*           Distributed under GNU General Public License 3 (GPL)          *
*                Date: 29-Oct-2022  Start time: 14:42:16                  *
***************************************************************************
                           Input parameters                                
***************************************************************************
LATVEC_SCALE: 0.850000 0.850000 0.850000 
LATVEC:
0.000000000000000 10.137047333976900 0.000000000000000 
9.612603356756811 0.000000000000000 0.000000000000000 
0.000000000000000 -5.745580610420000 -9.877610936232390 
FD_GRID: 43 41 49
FD_ORDER: 12
BC: P P P
KPOINT_GRID: 2 2 2
KPOINT_SHIFT: 5.000000e-01 5.000000e-01 5.000000e-01
SPIN_TYP: 1
ELEC_TEMP_TYPE: fermi-dirac
SMEARING: 0.001000000
CHEB_DEGREE: 35
NSTATES: 65
EXCHANGE_CORRELATION: vdWDF1
CALC_STRESS: 1
MAXIT_SCF: 100
TOL_SCF: 1.00E-05
TOL_POISSON: 1.00E-07
TOL_LANCZOS: 1.00E-02
TOL_PSEUDOCHARGE: 1.00E-07
MIXING_VARIABLE: potential
MIXING_PRECOND: kerker
MIXING_PRECOND_MAG: none
TOL_PRECOND: 3.97E-05
PRECOND_KERKER_KTF: 1.00
PRECOND_KERKER_THRESH: 0.10
MIXING_PARAMETER: 0.70
MIXING_PARAMETER_MAG: 0.70
MIXING_HISTORY: 7
PULAY_FREQUENCY: 1
PULAY_RESTART: 0
REFERENCE_CUTOFF: 0.50
RHO_TRIGGER: 4
FIX_RAND: 0
PRINT_FORCES: 1
PRINT_ATOMS: 1
PRINT_EIGEN: 0
PRINT_DENSITY: 0
OUTPUT_FILE: NiC2O4.out
VDWDF_GEN_KERNEL: 0
***************************************************************************
                                Cell                                       
***************************************************************************
Lattice vectors:
0.000000000000000 8.616490233880365 0.000000000000000 
8.170712853243289 0.000000000000000 0.000000000000000 
0.000000000000000 -4.883743518857000 -8.395969295797531 
Volume                  :  5.9110031390E+02 (Bohr^3)
***************************************************************************
                             Initialization                                
***************************************************************************
Mesh spacing in x-direction        :  0.200383 (Bohr)
Mesh spacing in y-direction        :  0.199286 (Bohr)
Mesh spacing in z direction        :  0.198225 (Bohr)
Number of symmetry adapted k-points:  4
Output printed to                  :  NiC2O4.out
Total number of atom types         :  3
Total number of atoms              :  14
Total number of electrons          :  100
Atom type 1  (valence electrons)   :  Ni 18
Pseudopotential                    :  ../28_Ni_18_1.7_2.2_pbe_n_v1.0.psp8
lloc                               :  4
Pseudocharge radii of atom type 1  :  7.41 7.41 7.33
Number of atoms of type 1          :  2
Atom type 2  (valence electrons)   :  C 4
Pseudopotential                    :  ../06_C_4_1.2_1.2_pbe_n_v1.0.psp8
lloc                               :  4
Pseudocharge radii of atom type 2  :  7.41 7.41 7.33
Number of atoms of type 2          :  4
Atom type 3  (valence electrons)   :  O 6
Pseudopotential                    :  ../08_O_6_1.2_1.4_pbe_n_v1.0.psp8
lloc                               :  4
Pseudocharge radii of atom type 3  :  7.41 7.41 7.33
Number of atoms of type 3          :  8
Estimated total memory usage       :  2.91 GB
========================================================================================
                            Self Consistent Field (SCF#1)                     
========================================================================================
Iteration     Free Energy (Ha/atom)    Magnetization     SCF Error        Timing (sec)
1            -3.3499400904E+01         3.2048E+00        9.559E-02        2758.726
2            -3.3508540463E+01         2.0100E+00        9.606E-02        909.277
3            -3.3410849175E+01         3.4609E-03        2.327E-01        895.132
4            -3.3521332458E+01         2.2543E+00        5.589E-02        895.423
5            -3.3528086736E+01         2.5939E+00        8.385E-03        897.972
6            -3.3528586427E+01         3.2582E+00        7.878E-03        901.309
7            -3.3529073765E+01         3.9314E+00        8.758E-03        899.141
8            -3.3529001811E+01         3.8895E+00        9.565E-03        896.087
9            -3.3529285764E+01         4.0000E+00        5.262E-03        894.617
10           -3.3529195377E+01         4.0000E+00        7.712E-03        892.717
11           -3.3529310207E+01         4.0000E+00        3.705E-03        895.526
12           -3.3529326582E+01         4.0000E+00        2.436E-03        897.251
13           -3.3529317985E+01         4.0000E+00        2.816E-03        893.905
14           -3.3529336244E+01         4.0000E+00        6.453E-04        896.034
15           -3.3529337215E+01         4.0000E+00        7.164E-05        898.711
16           -3.3529337091E+01         4.0000E+00        1.825E-05        897.894
17           -3.3529337276E+01         4.0000E+00        3.720E-06        894.187
Total number of SCF: 17    
====================================================================
                                Energy                              
====================================================================
Free energy per atom               : -3.3529337276E+01 (Ha/atom)
Total free energy                  : -4.6941072186E+02 (Ha)
Band structure energy              : -3.9179416390E+01 (Ha)
Exchange correlation energy        : -8.3721580659E+01 (Ha)
Self and correction energy         : -6.7977665417E+02 (Ha)
Entropy*kb*T                       : -2.9163453356E-08 (Ha)
Fermi level                        :  4.0565011502E-01 (Ha)
vdWDF energy                       :  7.5180338688E-01 (Ha)
Net Magnetization                  :  3.9999979546E+00 
Average force                      :  2.8388779324E-01 (Ha/Bohr)
Maximum force                      :  4.2350994554E-01 (Ha/Bohr)
Time for force calculation         :  32.424 (sec)
Stress (GPa):
   -171.6682720398       0.0319942194       0.0086407902
      0.0319942194    -418.7093056337      31.3003533328
      0.0086407902      31.3003533328    -134.6656006050
Pressure                           :  2.4168105943E+02 (GPa)
Maximum stress                     :  4.1870930563E+02 (GPa)
Time for stress calculation        :  95.090 (sec)
***************************************************************************
                               Timing info                                 
***************************************************************************
Total walltime                     :  18167.396 sec
___________________________________________________________________________

***************************************************************************
*             Material Physics & Mechanics Group, Georgia Tech            *
*                       PI: Phanish Suryanarayana                         *
*                Main Developers: Qimen Xu, Abhiraj Sharma                *
*     Acknowledgements: U.S. DOE (DE-SC0019410); NSF (1333500,1553212)    *
***************************************************************************
                                                                           
