 Eigenvalues (hartree) for nkpt=   5  k points:
 kpt#   1, nband= 36, wtk=  0.20000, kpt=  0.0000  0.0000  0.0500 (reduced coord)
  -0.75724   -0.71804   -0.71747   -0.62159   -0.62136   -0.51034   -0.46483   -0.33723
  -0.33677   -0.28298   -0.24329   -0.24258   -0.22920   -0.19849   -0.19785   -0.14445
  -0.14424   -0.12093   -0.12059   -0.09393   -0.08732   -0.07690   -0.07082    0.02295
   0.10539    0.17668    0.19630    0.21708    0.22727    0.25633    0.25827    0.26887
   0.28213    0.28646    0.29997    0.33680
      occupation numbers for kpt#   1
   2.00000    2.00000    2.00000    2.00000    2.00000    2.00000    2.00000    2.00000
   2.00000    2.00000    2.00000    2.00000    2.00000    2.00000    2.00000    2.00000
   2.00000    2.00000    2.00000    2.00000    2.00000    2.00000    2.00000    2.00000
   0.00000    0.00000    0.00000    0.00000    0.00000    0.00000    0.00000    0.00000
   0.00000    0.00000    0.00000    0.00000
 kpt#   2, nband= 36, wtk=  0.20000, kpt=  0.0000  0.0000  0.1500 (reduced coord)
  -0.74313   -0.70422   -0.70365   -0.60847   -0.60825   -0.49807   -0.45525   -0.33406
  -0.33370   -0.28412   -0.26704   -0.24742   -0.24690   -0.23641   -0.23575   -0.17860
  -0.17852   -0.13236   -0.13223   -0.11926   -0.10073   -0.08043   -0.07409    0.03747
   0.10233    0.19392    0.19509    0.21011    0.23592    0.24181    0.24225    0.28506
   0.29677    0.30282    0.31212    0.35983
      occupation numbers for kpt#   2
   2.00000    2.00000    2.00000    2.00000    2.00000    2.00000    2.00000    2.00000
   2.00000    2.00000    2.00000    2.00000    2.00000    2.00000    2.00000    2.00000
   2.00000    2.00000    2.00000    2.00000    2.00000    2.00000    2.00000    2.00000
   0.00000    0.00000    0.00000    0.00000    0.00000    0.00000    0.00000    0.00000
   0.00000    0.00000    0.00000    0.00000
 kpt#   3, nband= 36, wtk=  0.20000, kpt=  0.0000  0.0000  0.2500 (reduced coord)
  -0.71505   -0.67678   -0.67620   -0.58265   -0.58243   -0.47363   -0.44649   -0.36216
  -0.36175   -0.35006   -0.27917   -0.27887   -0.27349   -0.27336   -0.23693   -0.19444
  -0.19402   -0.18954   -0.14313   -0.13102   -0.13083   -0.05565   -0.04998    0.06584
   0.07645    0.16884    0.17528    0.20619    0.20661    0.23015    0.24230    0.31421
   0.31544    0.33271    0.33647    0.36547
      occupation numbers for kpt#   3
   2.00000    2.00000    2.00000    2.00000    2.00000    2.00000    2.00000    2.00000
   2.00000    2.00000    2.00000    2.00000    2.00000    2.00000    2.00000    2.00000
   2.00000    2.00000    2.00000    2.00000    2.00000    2.00000    2.00000    1.99012
   0.00988    0.00000    0.00000    0.00000    0.00000    0.00000    0.00000    0.00000
   0.00000    0.00000    0.00000    0.00000
 kpt#   4, nband= 36, wtk=  0.20000, kpt=  0.0000  0.0000  0.3500 (reduced coord)
  -0.67340   -0.63620   -0.63562   -0.54625   -0.54602   -0.48461   -0.43722   -0.43204
  -0.43157   -0.35967   -0.34811   -0.34804   -0.26280   -0.26176   -0.26147   -0.21971
  -0.18729   -0.18692   -0.16945   -0.11335   -0.11298   -0.02782   -0.02364    0.02088
   0.10625    0.12279    0.12487    0.16645    0.16730    0.23390    0.28331    0.34789
   0.34881    0.36738    0.37681    0.39439
      occupation numbers for kpt#   4
   2.00000    2.00000    2.00000    2.00000    2.00000    2.00000    2.00000    2.00000
   2.00000    2.00000    2.00000    2.00000    2.00000    2.00000    2.00000    2.00000
   2.00000    2.00000    2.00000    2.00000    2.00000    2.00000    2.00000    2.00000
   0.00000    0.00000    0.00000    0.00000    0.00000    0.00000    0.00000    0.00000
   0.00000    0.00000    0.00000    0.00000
 kpt#   5, nband= 36, wtk=  0.20000, kpt=  0.0000  0.0000  0.4500 (reduced coord)
  -0.61899   -0.58393   -0.58334   -0.55377   -0.53025   -0.52969   -0.47050   -0.47038
  -0.41903   -0.41895   -0.38926   -0.33056   -0.32116   -0.26881   -0.23228   -0.23203
  -0.20351   -0.20324   -0.11857   -0.07028   -0.06967   -0.04965   -0.02756   -0.02596
   0.10073    0.10329    0.12747    0.12944    0.15464    0.20200    0.35326    0.35685
   0.35809    0.36938    0.37463    0.40048
      occupation numbers for kpt#   5
   2.00000    2.00000    2.00000    2.00000    2.00000    2.00000    2.00000    2.00000
   2.00000    2.00000    2.00000    2.00000    2.00000    2.00000    2.00000    2.00000
   2.00000    2.00000    2.00000    2.00000    2.00000    2.00000    2.00000    2.00000
   0.00000    0.00000    0.00000    0.00000    0.00000    0.00000    0.00000    0.00000
   0.00000    0.00000    0.00000    0.00000
