***************************************************************************
*                       SPARC (version Nov 01, 2022)                      *
*   Copyright (c) 2020 Material Physics & Mechanics Group, Georgia Tech   *
*           Distributed under GNU General Public License 3 (GPL)          *
*                   Start time: Fri Nov  4 18:30:13 2022                  *
***************************************************************************
                           Input parameters                                
***************************************************************************
LATVEC_SCALE: 1 1 1 
LATVEC:
7.64756068310503 0 0 
-3.82378034155251 6.62298182855203 0 
0 0 22 
FD_GRID: 64 64 183
FD_ORDER: 12
BC: P P D
KPOINT_GRID: 4 4 1
KPOINT_SHIFT: 1 1 0
SPIN_TYP: 0
ELEC_TEMP_TYPE: Fermi-Dirac
SMEARING: 0.001000000336
EXCHANGE_CORRELATION: HSE
EXX_RANGE_FOCK: 0.106000
EXX_RANGE_PBE: 0.106000
NSTATES: 21
CHEB_DEGREE: 49
CHEFSI_BOUND_FLAG: 0
CALC_STRESS: 0
CALC_PRES: 0
MAXIT_SCF: 100
MINIT_SCF: 3
MAXIT_POISSON: 3000
TOL_SCF: 1.00E-05
POISSON_SOLVER: AAR
TOL_POISSON: 1.00E-07
TOL_LANCZOS: 1.00E-02
TOL_PSEUDOCHARGE: 1.00E-07
MIXING_VARIABLE: potential
MIXING_PRECOND: kerker
TOL_PRECOND: 1.43E-05
PRECOND_KERKER_KTF: 1
PRECOND_KERKER_THRESH: 0.1
MIXING_PARAMETER: 0.7
MIXING_HISTORY: 7
PULAY_FREQUENCY: 1
PULAY_RESTART: 0
REFERENCE_CUTOFF: 0.5
RHO_TRIGGER: 4
FIX_RAND: 0
VERBOSITY: 1
PRINT_FORCES: 1
PRINT_ATOMS: 1
PRINT_EIGEN: 0
PRINT_DENSITY: 0
PRINT_ENERGY_DENSITY: 0
EXX_FRAC: 0.25
TOL_FOCK: 2.00E-06
TOL_SCF_INIT: 1.00E-03
MAXIT_FOCK: 20
MINIT_FOCK: 2
EXX_METHOD: FOURIER_SPACE
EXX_DIVERGENCE: AUXILIARY
EXX_MEM: 100
ACE_FLAG: 1
EXX_ACE_VALENCE_STATES: 3
EXX_DOWNSAMPLING: 1 1 1
OUTPUT_FILE: Ge
***************************************************************************
                                Cell                                       
***************************************************************************
Lattice vectors (Bohr):
7.647560683105030 0.000000000000000 0.000000000000000 
-3.823780341552510 6.622981828552030 0.000000000000000 
0.000000000000000 0.000000000000000 22.000000000000000 
Volume: 1.1142924196E+03 (Bohr^3)
***************************************************************************
                           Parallelization                                 
***************************************************************************
NP_SPIN_PARAL: 1
NP_KPOINT_PARAL: 10
NP_BAND_PARAL: 1
NP_DOMAIN_PARAL: 1 3 3
NP_DOMAIN_PHI_PARAL: 3 4 8
EIG_SERIAL_MAXNS: 1500
***************************************************************************
                             Initialization                                
***************************************************************************
Number of processors               :  96
Mesh spacing in x-direction        :  0.119493 (Bohr)
Mesh spacing in y-direction        :  0.119493 (Bohr)
Mesh spacing in z-direction        :  0.120219 (Bohr)
Number of symmetry adapted k-points:  10
Output printed to                  :  Ge.out
Total number of atom types         :  1
Total number of atoms              :  2
Total number of electrons          :  28
Atom type 1  (valence electrons)   :  Ge 14
Pseudopotential                    :  32_Ge_14_2.2_2.3_pbe_n_v1.0.psp8
Pseudocharge radii of atom type 1  :  6.81 6.81 6.73 (x, y, z dir)
Number of atoms of type 1          :  2
Estimated total memory usage       :  70.68 GB
Estimated memory per processor     :  753.97 MB
===================================================================
                    Self Consistent Field (SCF#1)                     
===================================================================
Iteration     Free Energy (Ha/atom)   SCF Error        Timing (sec)
1            -8.0370440174E+01        9.119E-02        38.813
2            -8.0441018180E+01        3.754E-02        10.236
3            -8.0449746968E+01        3.361E-02        10.222
4            -8.0451761951E+01        3.633E-02        10.196
5            -8.0452195776E+01        3.271E-02        10.115
6            -8.0452308234E+01        2.821E-02        10.037
7            -8.0452394577E+01        2.014E-02        10.081
8            -8.0452452768E+01        1.193E-02        9.969
9            -8.0452465549E+01        6.227E-03        9.951
10           -8.0452469335E+01        3.052E-03        10.160
11           -8.0452468997E+01        1.180E-03        10.037
12           -8.0452470060E+01        1.149E-03        9.756
13           -8.0452470125E+01        5.085E-04        9.755
Total number of SCF: 13    

No.1 Exx outer loop. ACE timing: 45.433 (sec)
1            -7.8082744762E+01        4.055E-03        12.669
2            -7.8084460367E+01        9.375E-03        11.080
3            -7.8083707258E+01        1.366E-02        11.087
4            -7.8085149231E+01        2.048E-03        11.163
5            -7.8085173246E+01        1.039E-03        10.968
6            -7.8085170989E+01        1.047E-03        13.331
7            -7.8085173227E+01        7.736E-04        14.617
8            -7.8085171711E+01        7.708E-04        12.096
9            -7.8085175174E+01        3.071E-04        11.155
10           -7.8085175722E+01        4.629E-05        11.129
11           -7.8085175870E+01        3.413E-05        10.827
12           -7.8085175599E+01        1.915E-05        10.740
13           -7.8085175740E+01        8.156E-06        10.609
Total number of SCF: 13    
Exx outer loop error: 5.0476939897e-03 

No.2 Exx outer loop. ACE timing: 45.682 (sec)
1            -7.8085729782E+01        4.816E-04        12.811
2            -7.8085642498E+01        7.004E-04        10.986
3            -7.8085643263E+01        5.537E-04        10.911
4            -7.8085644043E+01        4.252E-04        11.031
5            -7.8085645756E+01        2.300E-04        10.928
6            -7.8085645977E+01        1.279E-04        10.925
7            -7.8085646443E+01        7.220E-05        10.756
8            -7.8085646488E+01        3.612E-05        10.789
9            -7.8085646140E+01        1.609E-05        10.753
10           -7.8085646260E+01        5.455E-06        10.440
Total number of SCF: 10    
Exx outer loop error: 1.0170542742e-04 

No.3 Exx outer loop. ACE timing: 46.209 (sec)
1            -7.8085601872E+01        6.829E-05        12.563
2            -7.8085650212E+01        9.762E-05        10.869
3            -7.8085650790E+01        4.919E-05        10.652
4            -7.8085650719E+01        1.770E-05        10.683
5            -7.8085650996E+01        8.267E-06        10.487
Total number of SCF: 5     
Exx outer loop error: 2.4769598340e-05 

No.4 Exx outer loop. ACE timing: 46.461 (sec)
1            -7.8085665619E+01        1.202E-05        12.316
2            -7.8085650069E+01        1.423E-05        10.769
3            -7.8085650850E+01        7.056E-06        10.582
Total number of SCF: 3     
Exx outer loop error: 7.0670507970e-06 

No.5 Exx outer loop. ACE timing: 46.025 (sec)
1            -7.8085653218E+01        5.178E-06        16.592
Total number of SCF: 1     
Exx outer loop error: 5.9794641638e-07 
====================================================================
                    Energy and force calculation                    
====================================================================
Free energy per atom               : -7.8085653218E+01 (Ha/atom)
Total free energy                  : -1.5617130644E+02 (Ha)
Band structure energy              : -2.4768935388E+01 (Ha)
Exchange correlation energy        : -3.0732516341E+01 (Ha)
Self and correction energy         : -1.9857248626E+02 (Ha)
-Entropy*kb*T                      : -1.4968544756E-07 (Ha)
Fermi level                        : -1.4714746054E-01 (Ha)
RMS force                          :  1.0234728008E-02 (Ha/Bohr)
Maximum force                      :  1.0234728008E-02 (Ha/Bohr)
Time for force calculation         :  0.148 (sec)
***************************************************************************
                               Timing info                                 
***************************************************************************
Total walltime                     :  820.047 sec
___________________________________________________________________________

***************************************************************************
*             Material Physics & Mechanics Group, Georgia Tech            *
*                       PI: Phanish Suryanarayana                         *
*               List of contributors: See the documentation               *
*         Citation: See README.md or the documentation for details        *
*  Acknowledgements: U.S. DOE SC (DE-SC0019410), U.S. DOE NNSA (ASC)      *
*      {Preliminary developments: U.S. NSF (1333500,1663244,1553212)}     *
***************************************************************************
                                                                           
